0 info it worked if it ends with ok
1 verbose cli [ 'C:\\Program Files\\nodejs\\node.exe',
1 verbose cli   'C:\\Program Files\\nodejs\\node_modules\\npm\\bin\\npm-cli.js',
1 verbose cli   'install',
1 verbose cli   '-g',
1 verbose cli   'n' ]
2 info using npm@3.10.10
3 info using node@v6.11.2
4 silly loadCurrentTree Starting
5 silly install loadCurrentTree
6 silly install readGlobalPackageData
7 silly fetchPackageMetaData n
8 silly fetchNamedPackageData n
9 silly mapToRegistry name n
10 silly mapToRegistry using default registry
11 silly mapToRegistry registry https://registry.npmjs.org/
12 silly mapToRegistry data Result {
12 silly mapToRegistry   raw: 'n',
12 silly mapToRegistry   scope: null,
12 silly mapToRegistry   escapedName: 'n',
12 silly mapToRegistry   name: 'n',
12 silly mapToRegistry   rawSpec: '',
12 silly mapToRegistry   spec: 'latest',
12 silly mapToRegistry   type: 'tag' }
13 silly mapToRegistry uri https://registry.npmjs.org/n
14 verbose request uri https://registry.npmjs.org/n
15 verbose request no auth needed
16 info attempt registry request try #1 at 21:03:24
17 verbose request id a5ed4ae6f335f9d1
18 verbose etag W/"236b75ab42446426a63c299e5381fb53"
19 verbose lastModified Sun, 07 Apr 2019 04:55:52 GMT
20 http request GET https://registry.npmjs.org/n
21 http 304 https://registry.npmjs.org/n
22 verbose headers { date: 'Wed, 24 Apr 2019 18:03:24 GMT',
22 verbose headers   connection: 'keep-alive',
22 verbose headers   'set-cookie': [ '__cfduid=d851e9555ddaf2f66712c7e4ecc84868e1556129004; expires=Thu, 23-Apr-20 18:03:24 GMT; path=/; domain=.registry.npmjs.org; HttpOnly' ],
22 verbose headers   'cf-cache-status': 'HIT',
22 verbose headers   'cache-control': 'max-age=300',
22 verbose headers   'cf-ray': '4cc9fe642b21c44e-LED',
22 verbose headers   etag: '"236b75ab42446426a63c299e5381fb53"',
22 verbose headers   'expect-ct': 'max-age=604800, report-uri="https://report-uri.cloudflare.com/cdn-cgi/beacon/expect-ct"',
22 verbose headers   'last-modified': 'Sun, 07 Apr 2019 04:55:52 GMT',
22 verbose headers   vary: 'accept-encoding, accept',
22 verbose headers   'x-amz-meta-rev': '369-5fb557fbed2fc234a7471b20aae28748',
22 verbose headers   server: 'cloudflare' }
23 silly get cb [ 304,
23 silly get   { date: 'Wed, 24 Apr 2019 18:03:24 GMT',
23 silly get     connection: 'keep-alive',
23 silly get     'set-cookie': [ '__cfduid=d851e9555ddaf2f66712c7e4ecc84868e1556129004; expires=Thu, 23-Apr-20 18:03:24 GMT; path=/; domain=.registry.npmjs.org; HttpOnly' ],
23 silly get     'cf-cache-status': 'HIT',
23 silly get     'cache-control': 'max-age=300',
23 silly get     'cf-ray': '4cc9fe642b21c44e-LED',
23 silly get     etag: '"236b75ab42446426a63c299e5381fb53"',
23 silly get     'expect-ct': 'max-age=604800, report-uri="https://report-uri.cloudflare.com/cdn-cgi/beacon/expect-ct"',
23 silly get     'last-modified': 'Sun, 07 Apr 2019 04:55:52 GMT',
23 silly get     vary: 'accept-encoding, accept',
23 silly get     'x-amz-meta-rev': '369-5fb557fbed2fc234a7471b20aae28748',
23 silly get     server: 'cloudflare' } ]
24 verbose etag https://registry.npmjs.org/n from cache
25 verbose get saving n to C:\Users\teacher\AppData\Roaming\npm-cache\registry.npmjs.org\n\.cache.json
26 verbose correctMkdir C:\Users\teacher\AppData\Roaming\npm-cache correctMkdir not in flight; initializing
27 silly install normalizeTree
28 silly loadCurrentTree Finishing
29 silly loadIdealTree Starting
30 silly install loadIdealTree
31 silly cloneCurrentTree Starting
32 silly install cloneCurrentTreeToIdealTree
33 silly cloneCurrentTree Finishing
34 silly loadShrinkwrap Starting
35 silly install loadShrinkwrap
36 silly loadShrinkwrap Finishing
37 silly loadAllDepsIntoIdealTree Starting
38 silly install loadAllDepsIntoIdealTree
39 silly rollbackFailedOptional Starting
40 silly rollbackFailedOptional Finishing
41 silly runTopLevelLifecycles Finishing
42 silly install printInstalled
43 verbose stack Error: Unsupported platform for n@3.0.2: wanted {"name":"n","description":"Interactively Manage All Your Node Versions","version":"3.0.2","author":{"name":"TJ Holowaychuk","email":"tj@vision-media.ca"},"homepage":"https://github.com/tj/n","bugs":{"url":"https://github.com/tj/n/issues"},"contributors":[{"name":"Travis Webb","email":"me@traviswebb.com","url":"tjw.io"},{"name":"Nimit Kalra","email":"me@nimit.io","url":"http://nimit.io"},{"name":"Troy Connor","email":"troy0820@gmail.com","url":"https://github.com/troy0820"}],"keywords":["nvm","node","version","manager","switcher","node","binary","env"],"bin":{"n":"./bin/n"},"repository":{"type":"git","url":"git://github.com/tj/n.git"},"preferGlobal":true,"os":["!win32"],"engines":{"node":"*"},"license":"MIT","gitHead":"7e3e199815e938c0a2ff1bdbccd03cba1ba5b54e","_id":"n@3.0.2","_npmVersion":"6.4.1","_nodeVersion":"10.15.3","_npmUser":{"name":"shadowspawn","email":"npm_j@ruru.gen.nz"},"dist":{"integrity":"sha512-mZKG3QjwpuQTHkJ8IJeiOfvOsfYSZ6hvJ3A0qn8ZnBU2zIqPBSTlFV9cJOCfJrBZIbeqndY+1INljhSxX2/tLg==","shasum":"957637705f6a9ca5213887cfc187e0c1c30a020a","tarball":"https://registry.npmjs.org/n/-/n-3.0.2.tgz","fileCount":5,"unpackedSize":30463,"npm-signature":"-----BEGIN PGP SIGNATURE-----\r\nVersion: OpenPGP.js v3.0.4\r\nComment: https://openpgpjs.org\r\n\r\nwsFcBAEBCAAQBQJcqYLVCRA9TVsSAnZWagAAYboP/1D78qw5klU2IsUv93DW\nR/SEZrRZQSNQxON+vxueBayuL/uzQEcRaeYl/KS+FfbhRJvPnSS0jzhT4CgC\nxG4hBBO6cq9ECl0eeQD13X89g4L/dHlqDFwaxBj2GMTK75I+fK9SDRiDG361\nm3ry02IJ757rXd+gFgHcJutZ34I4KUG3JRkJdcMtOGfpAFtlseMA3j+k9wiZ\n8tMmel/AMxmWSiG4Epx0tRM/Cs4VUzFwMUo8d/nSARLnxu+A7/4xGFEzMfRQ\nUVxCnOmTSWhtNXdjkkFjQBgE+gjCJqB29DY0/ggfQ/Fo1zvg4UvjbCV27Ypv\nrKMviV7fC2yztbrSNnkutZ6B7UWb9w7AXc6Ki+t29oIhxLbrbA5ACdF9tphE\njkiqkbxNFhdD983oFO1oVwrY885XivqeQoC5sECMdj+LBBv0hIoeo4N7SHX5\nPxjZg/1sQITWLb2g/QZUCiakBNKkix7wghCN7ixPFvGFGW6WtxTXiWAKDLJR\niCWv54JyylDjJTZtlvwc0qbhznf92+h5BVsx28AGpeY5cQAycMDUvo5l8PPl\njYYqxRg3R5uVZxQ8kucYAatyaNpDeIMd1z2xA4UVtmBRjdy1qHhgV6K1CY5f\nr46Hv8NJqXdjrI767UDMdoGFCH2Qan450IQ+4oKNFVKJ6KHr9DMvIYDj6I27\nw4Jg\r\n=iSU5\r\n-----END PGP SIGNATURE-----\r\n"},"maintainers":[{"name":"bat","email":"ben@benatkin.com"},{"name":"qw3rtman","email":"me@nimit.io"},{"name":"shadowspawn","email":"npm_j@ruru.gen.nz"},{"name":"tedgaydos","email":"tedgaydos@gmail.com"},{"name":"tjholowaychuk","email":"tj@vision-media.ca"},{"name":"tjwebb","email":"me@traviswebb.com"},{"name":"troy0820","email":"troy0820@gmail.com"}],"directories":{},"_npmOperationalInternal":{"host":"s3://npm-registry-packages","tmp":"tmp/n_3.0.2_1554612948899_0.3210231854763801"},"_hasShrinkwrap":false,"_from":"n","_resolved":"https://registry.npmjs.org/n/-/n-3.0.2.tgz","_shasum":"957637705f6a9ca5213887cfc187e0c1c30a020a","_requested":{"raw":"n","scope":null,"escapedName":"n","name":"n","rawSpec":"","spec":"latest","type":"tag"},"_spec":"n","_where":"D:\\OSPanel\\domains\\node\\SocketMySQLtoJSON\\server","_args":[[{"raw":"n","scope":null,"escapedName":"n","name":"n","rawSpec":"","spec":"latest","type":"tag"},"D:\\OSPanel\\domains\\node\\SocketMySQLtoJSON\\server"]],"readme":"ERROR: No README data found!"} (current: {"os":"win32","cpu":"x64"})
43 verbose stack     at checkPlatform (C:\Program Files\nodejs\node_modules\npm\node_modules\npm-install-checks\index.js:45:14)
43 verbose stack     at thenWarnEngineIssues (C:\Program Files\nodejs\node_modules\npm\lib\install\validate-args.js:41:5)
43 verbose stack     at C:\Program Files\nodejs\node_modules\npm\node_modules\iferr\index.js:13:50
43 verbose stack     at checkEngine (C:\Program Files\nodejs\node_modules\npm\node_modules\npm-install-checks\index.js:24:10)
43 verbose stack     at module.exports.isInstallable (C:\Program Files\nodejs\node_modules\npm\lib\install\validate-args.js:38:3)
43 verbose stack     at Array.<anonymous> (C:\Program Files\nodejs\node_modules\npm\node_modules\slide\lib\bind-actor.js:15:8)
43 verbose stack     at LOOP (C:\Program Files\nodejs\node_modules\npm\node_modules\slide\lib\chain.js:15:14)
43 verbose stack     at C:\Program Files\nodejs\node_modules\npm\node_modules\slide\lib\chain.js:18:7
43 verbose stack     at checkSelf (C:\Program Files\nodejs\node_modules\npm\lib\install\validate-args.js:46:72)
43 verbose stack     at Array.<anonymous> (C:\Program Files\nodejs\node_modules\npm\node_modules\slide\lib\bind-actor.js:15:8)
44 verbose pkgid n@3.0.2
45 verbose cwd D:\OSPanel\domains\node\SocketMySQLtoJSON\server
46 error Windows_NT 6.1.7601
47 error argv "C:\\Program Files\\nodejs\\node.exe" "C:\\Program Files\\nodejs\\node_modules\\npm\\bin\\npm-cli.js" "install" "-g" "n"
48 error node v6.11.2
49 error npm  v3.10.10
50 error code EBADPLATFORM
51 error notsup Unsupported platform for n@3.0.2: wanted {"os":"!win32","arch":"any"} (current: {"os":"win32","arch":"x64"})
52 error notsup Valid OS:    !win32
52 error notsup Valid Arch:  any
52 error notsup Actual OS:   win32
52 error notsup Actual Arch: x64
53 verbose exit [ 1, true ]
